<?xml version="1.0" encoding="UTF-8"?>
<!-- Generated by org.testng.reporters.JUnitXMLReporter -->
<testsuite hostname="DESKTOP-4GCC36D" ignored="1" name="ATest" tests="3" failures="0" timestamp="2021-11-13T17:16:11 IST" time="0.48" errors="0">
  <testcase name="f" time="0.023" classname="testng1.TNG_001"/>
  <testcase name="f" time="0.007" classname="testng1.TNG_002"/>
  <testcase name="a" time="0.009" classname="testng1.TNG_002"/>
  <testcase name="z" time="0.0" classname="testng1.TNG_002">
    <ignored/>
  </testcase> <!-- z -->
</testsuite> <!-- ATest -->
