<?xml version="1.0" encoding="UTF-8"?>
<!-- Generated by org.testng.reporters.JUnitXMLReporter -->
<testsuite hostname="DESKTOP-4GCC36D" ignored="0" name="Default test" tests="4" failures="0" timestamp="2021-11-16T19:08:50 IST" time="0.206" errors="0">
  <testcase name="orange" time="0.013" classname="testng1.TestDependency"/>
  <testcase name="white" time="0.003" classname="testng1.TestDependency"/>
  <testcase name="blue" time="0.002" classname="testng1.TestDependency">
    <skipped/>
  </testcase> <!-- blue -->
  <testcase name="green" time="0.0" classname="testng1.TestDependency">
    <skipped/>
  </testcase> <!-- green -->
</testsuite> <!-- Default test -->
