<?xml version="1.0" encoding="UTF-8"?>
<!-- Generated by org.testng.reporters.JUnitXMLReporter -->
<testsuite hostname="DESKTOP-4GCC36D" ignored="0" name="Default test" tests="4" failures="0" timestamp="2021-11-17T15:37:25 IST" time="0.134" errors="0">
  <testcase name="enterGuestInformation" time="0.03" classname="testcases.BookingSearch"/>
  <testcase name="loadBooking" time="0.002" classname="testcases.BookingSearch"/>
  <testcase name="searchHotel" time="0.003" classname="testcases.BookingSearch"/>
  <testcase name="selectHotel" time="0.002" classname="testcases.BookingSearch"/>
</testsuite> <!-- Default test -->
