<?xml version="1.0" encoding="UTF-8"?>
<testng-results skipped="0" failed="0" ignored="0" total="1" passed="1">
  <reporter-output>
  </reporter-output>
  <suite name="My suite" duration-ms="78" started-at="2021-11-19T19:20:40 IST" finished-at="2021-11-19T19:20:40 IST">
    <groups>
    </groups>
    <test name="LoginTest" duration-ms="78" started-at="2021-11-19T19:20:40 IST" finished-at="2021-11-19T19:20:40 IST">
      <class name="testcases.Login">
        <test-method status="PASS" signature="f()[pri:0, instance:testcases.Login@511baa65]" name="f" duration-ms="7" started-at="2021-11-19T19:20:40 IST" finished-at="2021-11-19T19:20:40 IST">
          <reporter-output>
          </reporter-output>
        </test-method> <!-- f -->
      </class> <!-- testcases.Login -->
    </test> <!-- LoginTest -->
  </suite> <!-- My suite -->
</testng-results>
